<?xml version="1.0" encoding="UTF-8"?>
<!-- Generated by org.testng.reporters.JUnitXMLReporter -->
<testsuite hostname="localhost.localdomain" name="Default test(failed)" tests="3" failures="1" timestamp="11 Apr 2012 06:00:09 GMT" time="218.686" errors="0">
  <testcase name="@BeforeMethod setUp" time="0.0" classname="com.orbitz.travelport.product.hotel.test.HotelBooking">
    <failure type="java.lang.reflect.UndeclaredThrowableException">
      <![CDATA[java.lang.reflect.UndeclaredThrowableException
	at $Proxy9.onException(Unknown Source)
	at org.openqa.selenium.support.events.EventFiringWebDriver$2.invoke(EventFiringWebDriver.java:100)
	at $Proxy10.get(Unknown Source)
	at org.openqa.selenium.support.events.EventFiringWebDriver.get(EventFiringWebDriver.java:152)
	at com.orbitz.travelport.supportclasses.OfbTestSet.setUp(OfbTestSet.java:74)
	at org.openqa.selenium.support.events.EventFiringWebDriver$1.invoke(EventFiringWebDriver.java:78)
	... 31 more
Caused by: org.openqa.selenium.remote.UnreachableBrowserException: Error communicating with the remote browser. It may have died.
Build info: version: '2.20.0', revision: '16008', time: '2012-02-27 19:03:59'
System info: os.name: 'Linux', os.arch: 'i386', os.version: '2.6.18-274.17.1.el5PAE', java.version: '1.7.0'
Driver info: driver.version: EventFiringWebDriver
	at org.openqa.selenium.remote.RemoteWebDriver.execute(RemoteWebDriver.java:435)
	at org.openqa.selenium.remote.RemoteWebDriver.execute(RemoteWebDriver.java:442)
	at org.openqa.selenium.firefox.FirefoxDriver.getScreenshotAs(FirefoxDriver.java:233)
	at com.orbitz.travelport.supportclasses.OfbUtility.takeScreenshot(OfbUtility.java:20)
	at com.orbitz.travelport.supportclasses.CustomEventListener.onException(CustomEventListener.java:101)
	... 36 more
Caused by: org.apache.http.conn.HttpHostConnectException: Connection to http://127.0.0.1:7055 refused
	at org.apache.http.impl.conn.DefaultClientConnectionOperator.openConnection(DefaultClientConnectionOperator.java:158)
	at org.apache.http.impl.conn.AbstractPoolEntry.open(AbstractPoolEntry.java:149)
	at org.apache.http.impl.conn.AbstractPooledConnAdapter.open(AbstractPooledConnAdapter.java:121)
	at org.apache.http.impl.client.DefaultRequestDirector.tryConnect(DefaultRequestDirector.java:573)
	at org.apache.http.impl.client.DefaultRequestDirector.execute(DefaultRequestDirector.java:425)
	at org.apache.http.impl.client.AbstractHttpClient.execute(AbstractHttpClient.java:820)
	at org.openqa.selenium.remote.HttpCommandExecutor.fallBackExecute(HttpCommandExecutor.java:304)
	at org.openqa.selenium.remote.HttpCommandExecutor.execute(HttpCommandExecutor.java:283)
	at org.openqa.selenium.firefox.internal.NewProfileExtensionConnection.execute(NewProfileExtensionConnection.java:122)
	at org.openqa.selenium.firefox.FirefoxDriver$LazyCommandExecutor.execute(FirefoxDriver.java:266)
	at org.openqa.selenium.remote.RemoteWebDriver.execute(RemoteWebDriver.java:415)
	... 40 more
Caused by: java.net.ConnectException: Connection refused
	at java.net.PlainSocketImpl.socketConnect(Native Method)
	at java.net.AbstractPlainSocketImpl.doConnect(AbstractPlainSocketImpl.java:337)
	at java.net.AbstractPlainSocketImpl.connectToAddress(AbstractPlainSocketImpl.java:198)
	at java.net.AbstractPlainSocketImpl.connect(AbstractPlainSocketImpl.java:180)
	at java.net.SocksSocketImpl.connect(SocksSocketImpl.java:391)
	at java.net.Socket.connect(Socket.java:579)
	at org.apache.http.conn.scheme.PlainSocketFactory.connectSocket(PlainSocketFactory.java:123)
	at org.apache.http.impl.conn.DefaultClientConnectionOperator.openConnection(DefaultClientConnectionOperator.java:148)
	... 50 more
... Removed 31 stack frames]]>
    </failure>
  </testcase> <!-- @BeforeMethod setUp -->
  <testcase name="@AfterMethod tearDown" time="0.0" classname="com.orbitz.travelport.product.hotel.test.HotelBooking">
    <failure type="java.lang.reflect.UndeclaredThrowableException">
      <![CDATA[java.lang.reflect.UndeclaredThrowableException
	at $Proxy9.onException(Unknown Source)
	at org.openqa.selenium.support.events.EventFiringWebDriver$2.invoke(EventFiringWebDriver.java:100)
	at $Proxy10.quit(Unknown Source)
	at org.openqa.selenium.support.events.EventFiringWebDriver.quit(EventFiringWebDriver.java:191)
	at com.orbitz.travelport.supportclasses.OfbTestSet.tearDown(OfbTestSet.java:86)
	at org.openqa.selenium.support.events.EventFiringWebDriver$1.invoke(EventFiringWebDriver.java:78)
	... 31 more
Caused by: org.openqa.selenium.remote.UnreachableBrowserException: Error communicating with the remote browser. It may have died.
Build info: version: '2.20.0', revision: '16008', time: '2012-02-27 19:03:59'
System info: os.name: 'Linux', os.arch: 'i386', os.version: '2.6.18-274.17.1.el5PAE', java.version: '1.7.0'
Driver info: driver.version: EventFiringWebDriver
	at org.openqa.selenium.remote.RemoteWebDriver.execute(RemoteWebDriver.java:435)
	at org.openqa.selenium.remote.RemoteWebDriver.execute(RemoteWebDriver.java:442)
	at org.openqa.selenium.firefox.FirefoxDriver.getScreenshotAs(FirefoxDriver.java:233)
	at com.orbitz.travelport.supportclasses.OfbUtility.takeScreenshot(OfbUtility.java:20)
	at com.orbitz.travelport.supportclasses.CustomEventListener.onException(CustomEventListener.java:101)
	... 36 more
Caused by: org.openqa.selenium.WebDriverException: The FirefoxDriver cannot be used after quit() was called.
Build info: version: '2.20.0', revision: '16008', time: '2012-02-27 19:03:59'
System info: os.name: 'Linux', os.arch: 'i386', os.version: '2.6.18-274.17.1.el5PAE', java.version: '1.7.0'
Driver info: driver.version: EventFiringWebDriver
	at org.openqa.selenium.firefox.FirefoxDriver$LazyCommandExecutor.execute(FirefoxDriver.java:264)
	at org.openqa.selenium.remote.RemoteWebDriver.execute(RemoteWebDriver.java:415)
	... 40 more
... Removed 31 stack frames]]>
    </failure>
  </testcase> <!-- @AfterMethod tearDown -->
  <testcase name="@BeforeMethod setUp" time="0.0" classname="com.orbitz.travelport.product.hotel.test.HotelBooking">
    <skipped/>
  </testcase> <!-- @BeforeMethod setUp -->
  <testcase name="retailHotelBookingByCity" time="187.564" classname="com.orbitz.travelport.product.hotel.test.HotelBooking">
    <failure type="java.lang.AssertionError" message="timeout">
      <![CDATA[java.lang.AssertionError: timeout
	at com.orbitz.travelport.general.keyword.OfbCommon.waitForOrbitLogoPageBottom(OfbCommon.java:72)
	at com.orbitz.travelport.general.keyword.OfbCommon.continueFromTripPurpose(OfbCommon.java:86)
	at com.orbitz.travelport.product.hotel.keyword.HotelCommon.searchForRetailHotel(HotelCommon.java:201)
	at com.orbitz.travelport.product.hotel.test.HotelBooking.retailHotelBookingByCity(HotelBooking.java:47)
... Removed 25 stack frames]]>
    </failure>
  </testcase> <!-- retailHotelBookingByCity -->
  <testcase name="merchantHotelBookingByCity" time="0.001" classname="com.orbitz.travelport.product.hotel.test.HotelBooking">
    <skipped/>
  </testcase> <!-- merchantHotelBookingByCity -->
  <testcase name="hotelBookingByCompanyLocation" time="0.001" classname="com.orbitz.travelport.product.hotel.test.HotelBooking">
    <skipped/>
  </testcase> <!-- hotelBookingByCompanyLocation -->
</testsuite> <!-- Default test(failed) -->
